<?xml version="1.0" encoding="UTF-8"?>
<testsuite name="BankTest" tests="4" skipped="0" failures="0" errors="0" timestamp="2022-10-17T08:01:00" hostname="DESKTOP-L33R69B" time="0.005">
  <properties/>
  <testcase name="transferTest" classname="BankTest" time="0.002"/>
  <testcase name="findAccountTest" classname="BankTest" time="0.002"/>
  <testcase name="depositTest" classname="BankTest" time="0.0"/>
  <testcase name="withdrawTest" classname="BankTest" time="0.001"/>
  <system-out><![CDATA[]]></system-out>
  <system-err><![CDATA[]]></system-err>
</testsuite>
