<?xml version="1.0" encoding="UTF-8"?>
<testsuite name="it.unisa.supermarket.GroceryTest" tests="2" skipped="0" failures="0" errors="0" timestamp="2022-11-19T11:05:15" hostname="ANTORUTA" time="0.002">
  <properties/>
  <testcase name="buy1" classname="it.unisa.supermarket.GroceryTest" time="0.002"/>
  <testcase name="buy2" classname="it.unisa.supermarket.GroceryTest" time="0.0"/>
  <system-out><![CDATA[]]></system-out>
  <system-err><![CDATA[]]></system-err>
</testsuite>
