<?xml version="1.0" encoding="UTF-8"?>
<testsuite name="PhoneCompanyTest" tests="1" skipped="0" failures="0" errors="0" timestamp="2022-10-24T07:54:58" hostname="DESKTOP-L33R69B" time="0.008">
  <properties/>
  <testcase name="testSolution" classname="PhoneCompanyTest" time="0.008"/>
  <system-out><![CDATA[]]></system-out>
  <system-err><![CDATA[]]></system-err>
</testsuite>
