<?xml version="1.0" encoding="UTF-8"?>
<testsuite name="it.unisa.quiz.DataSetTest" tests="3" skipped="0" failures="0" errors="0" timestamp="2022-10-27T17:37:57" hostname="ANTORUTA" time="0.003">
  <properties/>
  <testcase name="testAverage" classname="it.unisa.quiz.DataSetTest" time="0.003"/>
  <testcase name="testMaximum" classname="it.unisa.quiz.DataSetTest" time="0.0"/>
  <testcase name="testMinimum" classname="it.unisa.quiz.DataSetTest" time="0.0"/>
  <system-out><![CDATA[]]></system-out>
  <system-err><![CDATA[]]></system-err>
</testsuite>
