<?xml version="1.0" encoding="UTF-8"?>
<testsuite name="it.unisa.railways.ExpressTrainTest" tests="1" skipped="0" failures="0" errors="0" timestamp="2022-10-24T07:50:47" hostname="DESKTOP-L33R69B" time="0.001">
  <properties/>
  <testcase name="testSolution" classname="it.unisa.railways.ExpressTrainTest" time="0.001"/>
  <system-out><![CDATA[]]></system-out>
  <system-err><![CDATA[]]></system-err>
</testsuite>
