<?xml version="1.0" encoding="UTF-8"?>
<testsuite name="MagicSquareTest" tests="2" skipped="0" failures="0" errors="0" timestamp="2022-10-19T10:28:07" hostname="DESKTOP-L33R69B" time="0.003">
  <properties/>
  <testcase name="falseMagicSquareTest" classname="MagicSquareTest" time="0.003"/>
  <testcase name="trueMagicSquareTest" classname="MagicSquareTest" time="0.0"/>
  <system-out><![CDATA[]]></system-out>
  <system-err><![CDATA[]]></system-err>
</testsuite>
